2025-04-01 03:04:20,079 - fastapi-app - INFO - Request started: GET /
2025-04-01 03:04:20,080 - fastapi-app - INFO - Root endpoint called
2025-04-01 03:04:20,080 - fastapi-app - INFO - Request completed: GET / - Took: 0.0016s
2025-04-01 03:04:41,882 - fastapi-app - INFO - Request started: GET /health
2025-04-01 03:04:41,883 - fastapi-app - INFO - Health check endpoint called
2025-04-01 03:04:41,883 - fastapi-app - INFO - Request completed: GET /health - Took: 0.0014s
2025-04-01 03:04:53,244 - fastapi-app - INFO - Request started: GET /error
2025-04-01 03:04:53,245 - fastapi-app - ERROR - Error endpoint called - Generating sample error
2025-04-01 03:04:53,252 - fastapi-app - INFO - Request completed: GET /error - Took: 0.0079s
2025-04-01 03:05:38,663 - fastapi-app - INFO - Request started: GET /
2025-04-01 03:05:38,664 - fastapi-app - INFO - Root endpoint called
2025-04-01 03:05:38,665 - fastapi-app - INFO - Request completed: GET / - Took: 0.0017s
2025-04-01 03:05:41,790 - fastapi-app - INFO - Request started: GET /
2025-04-01 03:05:41,791 - fastapi-app - INFO - Root endpoint called
2025-04-01 03:05:41,791 - fastapi-app - INFO - Request completed: GET / - Took: 0.0011s
2025-04-01 03:05:44,863 - fastapi-app - INFO - Request started: GET /
2025-04-01 03:05:44,865 - fastapi-app - INFO - Root endpoint called
2025-04-01 03:05:44,866 - fastapi-app - INFO - Request completed: GET / - Took: 0.0026s
2025-04-01 03:05:47,948 - fastapi-app - INFO - Request started: GET /
2025-04-01 03:05:47,952 - fastapi-app - INFO - Root endpoint called
2025-04-01 03:05:47,953 - fastapi-app - INFO - Request completed: GET / - Took: 0.0045s
2025-04-01 03:05:51,044 - fastapi-app - INFO - Request started: GET /
2025-04-01 03:05:51,044 - fastapi-app - INFO - Root endpoint called
2025-04-01 03:05:51,045 - fastapi-app - INFO - Request completed: GET / - Took: 0.0011s
2025-04-01 03:05:54,122 - fastapi-app - INFO - Request started: GET /
2025-04-01 03:05:54,123 - fastapi-app - INFO - Root endpoint called
2025-04-01 03:05:54,123 - fastapi-app - INFO - Request completed: GET / - Took: 0.0016s
2025-04-01 03:05:57,205 - fastapi-app - INFO - Request started: GET /
2025-04-01 03:05:57,206 - fastapi-app - INFO - Root endpoint called
2025-04-01 03:05:57,207 - fastapi-app - INFO - Request completed: GET / - Took: 0.0016s
2025-04-01 03:06:00,262 - fastapi-app - INFO - Request started: GET /
2025-04-01 03:06:00,263 - fastapi-app - INFO - Root endpoint called
2025-04-01 03:06:00,263 - fastapi-app - INFO - Request completed: GET / - Took: 0.0019s
2025-04-01 03:06:03,340 - fastapi-app - INFO - Request started: GET /
2025-04-01 03:06:03,341 - fastapi-app - INFO - Root endpoint called
2025-04-01 03:06:03,342 - fastapi-app - INFO - Request completed: GET / - Took: 0.0026s
2025-04-01 03:06:06,421 - fastapi-app - INFO - Request started: GET /
2025-04-01 03:06:06,423 - fastapi-app - INFO - Root endpoint called
2025-04-01 03:06:06,425 - fastapi-app - INFO - Request completed: GET / - Took: 0.0040s
2025-04-01 03:06:28,582 - fastapi-app - INFO - Request started: GET /
2025-04-01 03:06:28,583 - fastapi-app - INFO - Root endpoint called
2025-04-01 03:06:28,583 - fastapi-app - INFO - Request completed: GET / - Took: 0.0012s
2025-04-01 03:06:29,692 - fastapi-app - INFO - Request started: GET /health
2025-04-01 03:06:29,693 - fastapi-app - INFO - Health check endpoint called
2025-04-01 03:06:29,695 - fastapi-app - INFO - Request completed: GET /health - Took: 0.0032s
2025-04-01 03:06:30,773 - fastapi-app - INFO - Request started: GET /error
2025-04-01 03:06:30,774 - fastapi-app - ERROR - Error endpoint called - Generating sample error
2025-04-01 03:06:30,775 - fastapi-app - INFO - Request completed: GET /error - Took: 0.0023s
2025-04-01 03:06:31,848 - fastapi-app - INFO - Request started: GET /
2025-04-01 03:06:31,849 - fastapi-app - INFO - Root endpoint called
2025-04-01 03:06:31,850 - fastapi-app - INFO - Request completed: GET / - Took: 0.0023s
2025-04-01 03:06:32,938 - fastapi-app - INFO - Request started: GET /health
2025-04-01 03:06:32,940 - fastapi-app - INFO - Health check endpoint called
2025-04-01 03:06:32,941 - fastapi-app - INFO - Request completed: GET /health - Took: 0.0029s
2025-04-01 03:06:34,021 - fastapi-app - INFO - Request started: GET /error
2025-04-01 03:06:34,022 - fastapi-app - ERROR - Error endpoint called - Generating sample error
2025-04-01 03:06:34,022 - fastapi-app - INFO - Request completed: GET /error - Took: 0.0011s
2025-04-01 03:06:35,123 - fastapi-app - INFO - Request started: GET /
2025-04-01 03:06:35,124 - fastapi-app - INFO - Root endpoint called
2025-04-01 03:06:35,126 - fastapi-app - INFO - Request completed: GET / - Took: 0.0031s
2025-04-01 03:06:36,196 - fastapi-app - INFO - Request started: GET /health
2025-04-01 03:06:36,198 - fastapi-app - INFO - Health check endpoint called
2025-04-01 03:06:36,199 - fastapi-app - INFO - Request completed: GET /health - Took: 0.0026s
2025-04-01 03:06:37,283 - fastapi-app - INFO - Request started: GET /error
2025-04-01 03:06:37,284 - fastapi-app - ERROR - Error endpoint called - Generating sample error
2025-04-01 03:06:37,285 - fastapi-app - INFO - Request completed: GET /error - Took: 0.0024s
2025-04-01 03:06:38,354 - fastapi-app - INFO - Request started: GET /
2025-04-01 03:06:38,355 - fastapi-app - INFO - Root endpoint called
2025-04-01 03:06:38,356 - fastapi-app - INFO - Request completed: GET / - Took: 0.0018s
2025-04-01 03:06:39,444 - fastapi-app - INFO - Request started: GET /health
2025-04-01 03:06:39,446 - fastapi-app - INFO - Health check endpoint called
2025-04-01 03:06:39,447 - fastapi-app - INFO - Request completed: GET /health - Took: 0.0022s
2025-04-01 03:06:40,545 - fastapi-app - INFO - Request started: GET /error
2025-04-01 03:06:40,547 - fastapi-app - ERROR - Error endpoint called - Generating sample error
2025-04-01 03:06:40,548 - fastapi-app - INFO - Request completed: GET /error - Took: 0.0027s
2025-04-01 03:06:41,645 - fastapi-app - INFO - Request started: GET /
2025-04-01 03:06:41,646 - fastapi-app - INFO - Root endpoint called
2025-04-01 03:06:41,647 - fastapi-app - INFO - Request completed: GET / - Took: 0.0018s
2025-04-01 03:06:42,718 - fastapi-app - INFO - Request started: GET /health
2025-04-01 03:06:42,719 - fastapi-app - INFO - Health check endpoint called
2025-04-01 03:06:42,720 - fastapi-app - INFO - Request completed: GET /health - Took: 0.0027s
2025-04-01 03:06:43,819 - fastapi-app - INFO - Request started: GET /error
2025-04-01 03:06:43,820 - fastapi-app - ERROR - Error endpoint called - Generating sample error
2025-04-01 03:06:43,821 - fastapi-app - INFO - Request completed: GET /error - Took: 0.0016s
2025-04-01 03:26:03,055 - fastapi-app - INFO - Request started: GET /
2025-04-01 03:26:03,058 - fastapi-app - INFO - Root endpoint called
2025-04-01 03:26:03,060 - fastapi-app - INFO - Request completed: GET / - Took: 0.0054s
2025-04-01 03:26:03,107 - fastapi-app - INFO - Request started: GET /favicon.ico
2025-04-01 03:26:03,109 - fastapi-app - INFO - Request completed: GET /favicon.ico - Took: 0.0013s
2025-04-01 03:26:34,563 - fastapi-app - INFO - Request started: GET /
2025-04-01 03:26:34,564 - fastapi-app - INFO - Root endpoint called
2025-04-01 03:26:34,565 - fastapi-app - INFO - Request completed: GET / - Took: 0.0026s
2025-04-01 03:30:22,716 - fastapi-app - INFO - Request started: GET /
2025-04-01 03:30:22,718 - fastapi-app - INFO - Root endpoint called
2025-04-01 03:30:22,720 - fastapi-app - INFO - Request completed: GET / - Took: 0.0040s
2025-04-01 03:30:24,580 - fastapi-app - INFO - Request started: GET /
2025-04-01 03:30:24,581 - fastapi-app - INFO - Root endpoint called
2025-04-01 03:30:24,582 - fastapi-app - INFO - Request completed: GET / - Took: 0.0022s
2025-04-01 03:31:35,965 - fastapi-app - INFO - Request started: GET /
2025-04-01 03:31:35,968 - fastapi-app - INFO - Root endpoint called
2025-04-01 03:31:35,970 - fastapi-app - INFO - Request completed: GET / - Took: 0.0049s
2025-04-01 03:31:51,322 - fastapi-app - INFO - Request started: GET /
2025-04-01 03:31:51,322 - fastapi-app - INFO - Root endpoint called
2025-04-01 03:31:51,323 - fastapi-app - INFO - Request completed: GET / - Took: 0.0013s
2025-04-01 03:31:52,752 - fastapi-app - INFO - Request started: GET /
2025-04-01 03:31:52,753 - fastapi-app - INFO - Root endpoint called
2025-04-01 03:31:52,755 - fastapi-app - INFO - Request completed: GET / - Took: 0.0028s
2025-04-01 03:31:53,192 - fastapi-app - INFO - Request started: GET /
2025-04-01 03:31:53,193 - fastapi-app - INFO - Root endpoint called
2025-04-01 03:31:53,194 - fastapi-app - INFO - Request completed: GET / - Took: 0.0017s
2025-04-01 03:33:23,474 - fastapi-app - INFO - Request started: GET /
2025-04-01 03:33:23,475 - fastapi-app - INFO - Root endpoint called
2025-04-01 03:33:23,476 - fastapi-app - INFO - Request completed: GET / - Took: 0.0032s
2025-04-01 03:35:12,972 - fastapi-app - INFO - Request started: GET /
2025-04-01 03:35:12,972 - fastapi-app - INFO - Root endpoint called
2025-04-01 03:35:12,973 - fastapi-app - INFO - Request completed: GET / - Took: 0.0013s
2025-04-01 03:39:03,323 - fastapi-app - INFO - Request started: GET /health
2025-04-01 03:39:03,327 - fastapi-app - INFO - Health check endpoint called
2025-04-01 03:39:03,328 - fastapi-app - INFO - Request completed: GET /health - Took: 0.0047s
2025-04-01 03:39:14,742 - fastapi-app - INFO - Request started: GET /erro
2025-04-01 03:39:14,745 - fastapi-app - INFO - Request completed: GET /erro - Took: 0.0033s
